                                      1 ;--------------------------------------------------------
                                      2 ; File Created by SDCC : free open source ANSI-C Compiler
                                      3 ; Version 3.6.0 #9615 (Mac OS X x86_64)
                                      4 ;--------------------------------------------------------
                                      5 	.module display
                                      6 	.optsdcc -mstm8
                                      7 	
                                      8 ;--------------------------------------------------------
                                      9 ; Public variables in this module
                                     10 ;--------------------------------------------------------
                                     11 	.globl _code7Seg
                                     12 	.globl _offLed
                                     13 	.globl _onLed
                                     14 	.globl _writeBuffer
                                     15 	.globl _memset
                                     16 	.globl _GPIO_WriteLow
                                     17 	.globl _GPIO_WriteHigh
                                     18 	.globl _GPIO_Init
                                     19 	.globl _display
                                     20 	.globl _displayInit
                                     21 	.globl _shiftOut595
                                     22 	.globl _latch595
                                     23 	.globl _clear595
                                     24 	.globl _screen
                                     25 	.globl _setDigit
                                     26 	.globl _display_test
                                     27 ;--------------------------------------------------------
                                     28 ; ram data
                                     29 ;--------------------------------------------------------
                                     30 	.area DATA
      000000                         31 _display::
      000000                         32 	.ds 16
                                     33 ;--------------------------------------------------------
                                     34 ; ram data
                                     35 ;--------------------------------------------------------
                                     36 	.area INITIALIZED
                                     37 ;--------------------------------------------------------
                                     38 ; absolute external ram data
                                     39 ;--------------------------------------------------------
                                     40 	.area DABS (ABS)
                                     41 ;--------------------------------------------------------
                                     42 ; global & static initialisations
                                     43 ;--------------------------------------------------------
                                     44 	.area HOME
                                     45 	.area GSINIT
                                     46 	.area GSFINAL
                                     47 	.area GSINIT
                                     48 ;--------------------------------------------------------
                                     49 ; Home
                                     50 ;--------------------------------------------------------
                                     51 	.area HOME
                                     52 	.area HOME
                                     53 ;--------------------------------------------------------
                                     54 ; code
                                     55 ;--------------------------------------------------------
                                     56 	.area CODE
                                     57 ;	user/display.c: 8: static void delay_us(uint16_t x)
                                     58 ;	-----------------------------------------
                                     59 ;	 function delay_us
                                     60 ;	-----------------------------------------
      000000                         61 _delay_us:
      000000 89               [ 2]   62 	pushw	x
                                     63 ;	user/display.c: 10: while(x--);
      000001 1E 05            [ 2]   64 	ldw	x, (0x05, sp)
      000003                         65 00101$:
      000003 1F 01            [ 2]   66 	ldw	(0x01, sp), x
      000005 5A               [ 2]   67 	decw	x
      000006 16 01            [ 2]   68 	ldw	y, (0x01, sp)
      000008 26 F9            [ 1]   69 	jrne	00101$
      00000A 85               [ 2]   70 	popw	x
      00000B 81               [ 4]   71 	ret
                                     72 ;	user/display.c: 13: void displayInit(GPIO_TypeDef* portData, GPIO_TypeDef* portScan, uint8_t data, uint8_t clk, uint8_t lat, uint8_t clr, uint8_t led1, uint8_t led2, uint8_t led3, uint8_t led4)
                                     73 ;	-----------------------------------------
                                     74 ;	 function displayInit
                                     75 ;	-----------------------------------------
      00000C                         76 _displayInit:
      00000C 52 10            [ 2]   77 	sub	sp, #16
                                     78 ;	user/display.c: 15: display.portData = portData;
      00000E AEr00r00         [ 2]   79 	ldw	x, #_display+0
      000011 16 13            [ 2]   80 	ldw	y, (0x13, sp)
      000013 FF               [ 2]   81 	ldw	(x), y
                                     82 ;	user/display.c: 16: display.portScan = portScan;
      000014 AEr00r00         [ 2]   83 	ldw	x, #_display+0
      000017 1F 0F            [ 2]   84 	ldw	(0x0f, sp), x
      000019 1E 0F            [ 2]   85 	ldw	x, (0x0f, sp)
      00001B 5C               [ 2]   86 	incw	x
      00001C 5C               [ 2]   87 	incw	x
      00001D 1F 0D            [ 2]   88 	ldw	(0x0d, sp), x
      00001F 1E 0D            [ 2]   89 	ldw	x, (0x0d, sp)
      000021 16 15            [ 2]   90 	ldw	y, (0x15, sp)
      000023 FF               [ 2]   91 	ldw	(x), y
                                     92 ;	user/display.c: 17: display.data = data;
      000024 1E 0F            [ 2]   93 	ldw	x, (0x0f, sp)
      000026 7B 17            [ 1]   94 	ld	a, (0x17, sp)
      000028 E7 04            [ 1]   95 	ld	(0x0004, x), a
                                     96 ;	user/display.c: 18: display.clk = clk;
      00002A 1E 0F            [ 2]   97 	ldw	x, (0x0f, sp)
      00002C 7B 18            [ 1]   98 	ld	a, (0x18, sp)
      00002E E7 05            [ 1]   99 	ld	(0x0005, x), a
                                    100 ;	user/display.c: 19: display.lat = lat;
      000030 1E 0F            [ 2]  101 	ldw	x, (0x0f, sp)
      000032 7B 19            [ 1]  102 	ld	a, (0x19, sp)
      000034 E7 06            [ 1]  103 	ld	(0x0006, x), a
                                    104 ;	user/display.c: 20: display.clr = clr;
      000036 1E 0F            [ 2]  105 	ldw	x, (0x0f, sp)
      000038 1C 00 07         [ 2]  106 	addw	x, #0x0007
      00003B 1F 0B            [ 2]  107 	ldw	(0x0b, sp), x
      00003D 1E 0B            [ 2]  108 	ldw	x, (0x0b, sp)
      00003F 7B 1A            [ 1]  109 	ld	a, (0x1a, sp)
      000041 F7               [ 1]  110 	ld	(x), a
                                    111 ;	user/display.c: 21: display.led[0] = led1;
      000042 1E 0F            [ 2]  112 	ldw	x, (0x0f, sp)
      000044 1C 00 08         [ 2]  113 	addw	x, #0x0008
      000047 1F 09            [ 2]  114 	ldw	(0x09, sp), x
      000049 1E 09            [ 2]  115 	ldw	x, (0x09, sp)
      00004B 7B 1B            [ 1]  116 	ld	a, (0x1b, sp)
      00004D F7               [ 1]  117 	ld	(x), a
                                    118 ;	user/display.c: 22: display.led[1] = led2;
      00004E 1E 0F            [ 2]  119 	ldw	x, (0x0f, sp)
      000050 1C 00 09         [ 2]  120 	addw	x, #0x0009
      000053 1F 07            [ 2]  121 	ldw	(0x07, sp), x
      000055 1E 07            [ 2]  122 	ldw	x, (0x07, sp)
      000057 7B 1C            [ 1]  123 	ld	a, (0x1c, sp)
      000059 F7               [ 1]  124 	ld	(x), a
                                    125 ;	user/display.c: 23: display.led[2] = led3;
      00005A 1E 0F            [ 2]  126 	ldw	x, (0x0f, sp)
      00005C 1C 00 0A         [ 2]  127 	addw	x, #0x000a
      00005F 1F 05            [ 2]  128 	ldw	(0x05, sp), x
      000061 1E 05            [ 2]  129 	ldw	x, (0x05, sp)
      000063 7B 1D            [ 1]  130 	ld	a, (0x1d, sp)
      000065 F7               [ 1]  131 	ld	(x), a
                                    132 ;	user/display.c: 24: display.led[3] = led4;
      000066 1E 0F            [ 2]  133 	ldw	x, (0x0f, sp)
      000068 1C 00 0B         [ 2]  134 	addw	x, #0x000b
      00006B 1F 03            [ 2]  135 	ldw	(0x03, sp), x
      00006D 1E 03            [ 2]  136 	ldw	x, (0x03, sp)
      00006F 7B 1E            [ 1]  137 	ld	a, (0x1e, sp)
      000071 F7               [ 1]  138 	ld	(x), a
                                    139 ;	user/display.c: 25: GPIO_Init(display.portData, display.data|display.clk|display.lat|display.clr|display.led[3], GPIO_MODE_OUT_PP_HIGH_FAST);
      000072 7B 17            [ 1]  140 	ld	a, (0x17, sp)
      000074 1A 18            [ 1]  141 	or	a, (0x18, sp)
      000076 1A 19            [ 1]  142 	or	a, (0x19, sp)
      000078 1A 1A            [ 1]  143 	or	a, (0x1a, sp)
      00007A 1A 1E            [ 1]  144 	or	a, (0x1e, sp)
      00007C 1E 0F            [ 2]  145 	ldw	x, (0x0f, sp)
      00007E FE               [ 2]  146 	ldw	x, (x)
      00007F 4B F0            [ 1]  147 	push	#0xf0
      000081 88               [ 1]  148 	push	a
      000082 89               [ 2]  149 	pushw	x
      000083 CDr00r00         [ 4]  150 	call	_GPIO_Init
      000086 5B 04            [ 2]  151 	addw	sp, #4
                                    152 ;	user/display.c: 26: GPIO_Init(display.portScan, display.led[0]|display.led[1]|display.led[2], GPIO_MODE_OUT_PP_HIGH_FAST);
      000088 1E 09            [ 2]  153 	ldw	x, (0x09, sp)
      00008A F6               [ 1]  154 	ld	a, (x)
      00008B 6B 02            [ 1]  155 	ld	(0x02, sp), a
      00008D 1E 07            [ 2]  156 	ldw	x, (0x07, sp)
      00008F F6               [ 1]  157 	ld	a, (x)
      000090 1A 02            [ 1]  158 	or	a, (0x02, sp)
      000092 6B 01            [ 1]  159 	ld	(0x01, sp), a
      000094 1E 05            [ 2]  160 	ldw	x, (0x05, sp)
      000096 F6               [ 1]  161 	ld	a, (x)
      000097 1A 01            [ 1]  162 	or	a, (0x01, sp)
      000099 1E 0D            [ 2]  163 	ldw	x, (0x0d, sp)
      00009B FE               [ 2]  164 	ldw	x, (x)
      00009C 4B F0            [ 1]  165 	push	#0xf0
      00009E 88               [ 1]  166 	push	a
      00009F 89               [ 2]  167 	pushw	x
      0000A0 CDr00r00         [ 4]  168 	call	_GPIO_Init
      0000A3 5B 04            [ 2]  169 	addw	sp, #4
                                    170 ;	user/display.c: 29: GPIO_WriteHigh(display.portData, display.clr);
      0000A5 1E 0B            [ 2]  171 	ldw	x, (0x0b, sp)
      0000A7 F6               [ 1]  172 	ld	a, (x)
      0000A8 1E 0F            [ 2]  173 	ldw	x, (0x0f, sp)
      0000AA FE               [ 2]  174 	ldw	x, (x)
      0000AB 88               [ 1]  175 	push	a
      0000AC 89               [ 2]  176 	pushw	x
      0000AD CDr00r00         [ 4]  177 	call	_GPIO_WriteHigh
      0000B0 5B 03            [ 2]  178 	addw	sp, #3
                                    179 ;	user/display.c: 30: GPIO_WriteLow(display.portScan, display.led[0]);
      0000B2 1E 09            [ 2]  180 	ldw	x, (0x09, sp)
      0000B4 F6               [ 1]  181 	ld	a, (x)
      0000B5 1E 0D            [ 2]  182 	ldw	x, (0x0d, sp)
      0000B7 FE               [ 2]  183 	ldw	x, (x)
      0000B8 88               [ 1]  184 	push	a
      0000B9 89               [ 2]  185 	pushw	x
      0000BA CDr00r00         [ 4]  186 	call	_GPIO_WriteLow
      0000BD 5B 03            [ 2]  187 	addw	sp, #3
                                    188 ;	user/display.c: 31: GPIO_WriteLow(display.portScan, display.led[1]);
      0000BF 1E 07            [ 2]  189 	ldw	x, (0x07, sp)
      0000C1 F6               [ 1]  190 	ld	a, (x)
      0000C2 1E 0D            [ 2]  191 	ldw	x, (0x0d, sp)
      0000C4 FE               [ 2]  192 	ldw	x, (x)
      0000C5 88               [ 1]  193 	push	a
      0000C6 89               [ 2]  194 	pushw	x
      0000C7 CDr00r00         [ 4]  195 	call	_GPIO_WriteLow
      0000CA 5B 03            [ 2]  196 	addw	sp, #3
                                    197 ;	user/display.c: 32: GPIO_WriteLow(display.portScan, display.led[2]);
      0000CC 1E 05            [ 2]  198 	ldw	x, (0x05, sp)
      0000CE F6               [ 1]  199 	ld	a, (x)
      0000CF 1E 0D            [ 2]  200 	ldw	x, (0x0d, sp)
      0000D1 FE               [ 2]  201 	ldw	x, (x)
      0000D2 88               [ 1]  202 	push	a
      0000D3 89               [ 2]  203 	pushw	x
      0000D4 CDr00r00         [ 4]  204 	call	_GPIO_WriteLow
      0000D7 5B 03            [ 2]  205 	addw	sp, #3
                                    206 ;	user/display.c: 33: GPIO_WriteLow(display.portData, display.led[3]);
      0000D9 1E 03            [ 2]  207 	ldw	x, (0x03, sp)
      0000DB F6               [ 1]  208 	ld	a, (x)
      0000DC 1E 0F            [ 2]  209 	ldw	x, (0x0f, sp)
      0000DE FE               [ 2]  210 	ldw	x, (x)
      0000DF 88               [ 1]  211 	push	a
      0000E0 89               [ 2]  212 	pushw	x
      0000E1 CDr00r00         [ 4]  213 	call	_GPIO_WriteLow
      0000E4 5B 03            [ 2]  214 	addw	sp, #3
                                    215 ;	user/display.c: 34: memset(display.buffer, 0x00, sizeof(display.buffer));
      0000E6 1E 0F            [ 2]  216 	ldw	x, (0x0f, sp)
      0000E8 1C 00 0C         [ 2]  217 	addw	x, #0x000c
      0000EB 4B 04            [ 1]  218 	push	#0x04
      0000ED 4B 00            [ 1]  219 	push	#0x00
      0000EF 4B 00            [ 1]  220 	push	#0x00
      0000F1 4B 00            [ 1]  221 	push	#0x00
      0000F3 89               [ 2]  222 	pushw	x
      0000F4 CDr00r00         [ 4]  223 	call	_memset
      0000F7 5B 16            [ 2]  224 	addw	sp, #22
      0000F9 81               [ 4]  225 	ret
                                    226 ;	user/display.c: 41: void shiftOut595(uint8_t data)
                                    227 ;	-----------------------------------------
                                    228 ;	 function shiftOut595
                                    229 ;	-----------------------------------------
      0000FA                        230 _shiftOut595:
      0000FA 52 06            [ 2]  231 	sub	sp, #6
                                    232 ;	user/display.c: 44: temp = data;
      0000FC 7B 09            [ 1]  233 	ld	a, (0x09, sp)
      0000FE 6B 02            [ 1]  234 	ld	(0x02, sp), a
                                    235 ;	user/display.c: 46: for(i = 0; i< 8; i++)
      000100 AEr00r00         [ 2]  236 	ldw	x, #_display+0
      000103 1F 03            [ 2]  237 	ldw	(0x03, sp), x
      000105 1E 03            [ 2]  238 	ldw	x, (0x03, sp)
      000107 1C 00 05         [ 2]  239 	addw	x, #0x0005
      00010A 1F 05            [ 2]  240 	ldw	(0x05, sp), x
      00010C 0F 01            [ 1]  241 	clr	(0x01, sp)
      00010E                        242 00105$:
                                    243 ;	user/display.c: 48: GPIO_WriteLow(display.portData, display.clk);
      00010E 1E 05            [ 2]  244 	ldw	x, (0x05, sp)
      000110 F6               [ 1]  245 	ld	a, (x)
      000111 1E 03            [ 2]  246 	ldw	x, (0x03, sp)
      000113 FE               [ 2]  247 	ldw	x, (x)
      000114 88               [ 1]  248 	push	a
      000115 89               [ 2]  249 	pushw	x
      000116 CDr00r00         [ 4]  250 	call	_GPIO_WriteLow
      000119 5B 03            [ 2]  251 	addw	sp, #3
      00011B 1E 03            [ 2]  252 	ldw	x, (0x03, sp)
      00011D FE               [ 2]  253 	ldw	x, (x)
                                    254 ;	user/display.c: 49: if(temp&0x80) GPIO_WriteHigh(display.portData, display.data);
      00011E 16 03            [ 2]  255 	ldw	y, (0x03, sp)
      000120 90 E6 04         [ 1]  256 	ld	a, (0x4, y)
      000123 0D 02            [ 1]  257 	tnz	(0x02, sp)
      000125 2A 09            [ 1]  258 	jrpl	00102$
      000127 88               [ 1]  259 	push	a
      000128 89               [ 2]  260 	pushw	x
      000129 CDr00r00         [ 4]  261 	call	_GPIO_WriteHigh
      00012C 5B 03            [ 2]  262 	addw	sp, #3
      00012E 20 07            [ 2]  263 	jra	00103$
      000130                        264 00102$:
                                    265 ;	user/display.c: 50: else GPIO_WriteLow(display.portData, display.data);
      000130 88               [ 1]  266 	push	a
      000131 89               [ 2]  267 	pushw	x
      000132 CDr00r00         [ 4]  268 	call	_GPIO_WriteLow
      000135 5B 03            [ 2]  269 	addw	sp, #3
      000137                        270 00103$:
                                    271 ;	user/display.c: 51: delay_us(5);
      000137 4B 05            [ 1]  272 	push	#0x05
      000139 4B 00            [ 1]  273 	push	#0x00
      00013B CDr00r00         [ 4]  274 	call	_delay_us
      00013E 85               [ 2]  275 	popw	x
                                    276 ;	user/display.c: 52: GPIO_WriteHigh(display.portData, display.clk);
      00013F 1E 05            [ 2]  277 	ldw	x, (0x05, sp)
      000141 F6               [ 1]  278 	ld	a, (x)
      000142 1E 03            [ 2]  279 	ldw	x, (0x03, sp)
      000144 FE               [ 2]  280 	ldw	x, (x)
      000145 88               [ 1]  281 	push	a
      000146 89               [ 2]  282 	pushw	x
      000147 CDr00r00         [ 4]  283 	call	_GPIO_WriteHigh
      00014A 5B 03            [ 2]  284 	addw	sp, #3
                                    285 ;	user/display.c: 53: temp <<= 1;
      00014C 08 02            [ 1]  286 	sll	(0x02, sp)
                                    287 ;	user/display.c: 46: for(i = 0; i< 8; i++)
      00014E 0C 01            [ 1]  288 	inc	(0x01, sp)
      000150 7B 01            [ 1]  289 	ld	a, (0x01, sp)
      000152 A1 08            [ 1]  290 	cp	a, #0x08
      000154 25 B8            [ 1]  291 	jrc	00105$
      000156 5B 06            [ 2]  292 	addw	sp, #6
      000158 81               [ 4]  293 	ret
                                    294 ;	user/display.c: 57: void latch595(void)
                                    295 ;	-----------------------------------------
                                    296 ;	 function latch595
                                    297 ;	-----------------------------------------
      000159                        298 _latch595:
      000159 89               [ 2]  299 	pushw	x
                                    300 ;	user/display.c: 59: GPIO_WriteHigh(display.portData, display.lat);
      00015A AEr00r00         [ 2]  301 	ldw	x, #_display+0
      00015D 1F 01            [ 2]  302 	ldw	(0x01, sp), x
      00015F 1E 01            [ 2]  303 	ldw	x, (0x01, sp)
      000161 1C 00 06         [ 2]  304 	addw	x, #0x0006
      000164 F6               [ 1]  305 	ld	a, (x)
      000165 16 01            [ 2]  306 	ldw	y, (0x01, sp)
      000167 90 FE            [ 2]  307 	ldw	y, (y)
      000169 89               [ 2]  308 	pushw	x
      00016A 88               [ 1]  309 	push	a
      00016B 90 89            [ 2]  310 	pushw	y
      00016D CDr00r00         [ 4]  311 	call	_GPIO_WriteHigh
      000170 5B 03            [ 2]  312 	addw	sp, #3
      000172 85               [ 2]  313 	popw	x
                                    314 ;	user/display.c: 60: GPIO_WriteLow(display.portData, display.lat);
      000173 F6               [ 1]  315 	ld	a, (x)
      000174 1E 01            [ 2]  316 	ldw	x, (0x01, sp)
      000176 FE               [ 2]  317 	ldw	x, (x)
      000177 88               [ 1]  318 	push	a
      000178 89               [ 2]  319 	pushw	x
      000179 CDr00r00         [ 4]  320 	call	_GPIO_WriteLow
      00017C 5B 03            [ 2]  321 	addw	sp, #3
                                    322 ;	user/display.c: 61: delay_us(5);
      00017E 4B 05            [ 1]  323 	push	#0x05
      000180 4B 00            [ 1]  324 	push	#0x00
      000182 CDr00r00         [ 4]  325 	call	_delay_us
      000185 5B 04            [ 2]  326 	addw	sp, #4
      000187 81               [ 4]  327 	ret
                                    328 ;	user/display.c: 64: void clear595(void)
                                    329 ;	-----------------------------------------
                                    330 ;	 function clear595
                                    331 ;	-----------------------------------------
      000188                        332 _clear595:
      000188 89               [ 2]  333 	pushw	x
                                    334 ;	user/display.c: 66: GPIO_WriteHigh(display.portData, display.clr);
      000189 AEr00r00         [ 2]  335 	ldw	x, #_display+0
      00018C 1F 01            [ 2]  336 	ldw	(0x01, sp), x
      00018E 1E 01            [ 2]  337 	ldw	x, (0x01, sp)
      000190 1C 00 07         [ 2]  338 	addw	x, #0x0007
      000193 F6               [ 1]  339 	ld	a, (x)
      000194 16 01            [ 2]  340 	ldw	y, (0x01, sp)
      000196 90 FE            [ 2]  341 	ldw	y, (y)
      000198 89               [ 2]  342 	pushw	x
      000199 88               [ 1]  343 	push	a
      00019A 90 89            [ 2]  344 	pushw	y
      00019C CDr00r00         [ 4]  345 	call	_GPIO_WriteHigh
      00019F 5B 03            [ 2]  346 	addw	sp, #3
      0001A1 85               [ 2]  347 	popw	x
                                    348 ;	user/display.c: 67: GPIO_WriteLow(display.portData, display.clr);
      0001A2 F6               [ 1]  349 	ld	a, (x)
      0001A3 1E 01            [ 2]  350 	ldw	x, (0x01, sp)
      0001A5 FE               [ 2]  351 	ldw	x, (x)
      0001A6 88               [ 1]  352 	push	a
      0001A7 89               [ 2]  353 	pushw	x
      0001A8 CDr00r00         [ 4]  354 	call	_GPIO_WriteLow
      0001AB 5B 03            [ 2]  355 	addw	sp, #3
                                    356 ;	user/display.c: 68: delay_us(100);
      0001AD 4B 64            [ 1]  357 	push	#0x64
      0001AF 4B 00            [ 1]  358 	push	#0x00
      0001B1 CDr00r00         [ 4]  359 	call	_delay_us
      0001B4 5B 04            [ 2]  360 	addw	sp, #4
      0001B6 81               [ 4]  361 	ret
                                    362 ;	user/display.c: 71: void writeBuffer(uint8_t pos)
                                    363 ;	-----------------------------------------
                                    364 ;	 function writeBuffer
                                    365 ;	-----------------------------------------
      0001B7                        366 _writeBuffer:
      0001B7 89               [ 2]  367 	pushw	x
                                    368 ;	user/display.c: 73: shiftOut595(display.buffer[pos]);
      0001B8 AEr00r0C         [ 2]  369 	ldw	x, #_display+12
      0001BB 1F 01            [ 2]  370 	ldw	(0x01, sp), x
      0001BD 7B 05            [ 1]  371 	ld	a, (0x05, sp)
      0001BF 5F               [ 1]  372 	clrw	x
      0001C0 97               [ 1]  373 	ld	xl, a
      0001C1 72 FB 01         [ 2]  374 	addw	x, (0x01, sp)
      0001C4 F6               [ 1]  375 	ld	a, (x)
      0001C5 88               [ 1]  376 	push	a
      0001C6 CDr00rFA         [ 4]  377 	call	_shiftOut595
      0001C9 84               [ 1]  378 	pop	a
                                    379 ;	user/display.c: 74: latch595();
      0001CA CDr01r59         [ 4]  380 	call	_latch595
      0001CD 85               [ 2]  381 	popw	x
      0001CE 81               [ 4]  382 	ret
                                    383 ;	user/display.c: 77: void onLed(uint8_t led)
                                    384 ;	-----------------------------------------
                                    385 ;	 function onLed
                                    386 ;	-----------------------------------------
      0001CF                        387 _onLed:
      0001CF 52 08            [ 2]  388 	sub	sp, #8
                                    389 ;	user/display.c: 79: switch(led)
      0001D1 7B 0B            [ 1]  390 	ld	a, (0x0b, sp)
      0001D3 A1 01            [ 1]  391 	cp	a, #0x01
      0001D5 27 14            [ 1]  392 	jreq	00101$
      0001D7 7B 0B            [ 1]  393 	ld	a, (0x0b, sp)
      0001D9 A1 02            [ 1]  394 	cp	a, #0x02
      0001DB 27 23            [ 1]  395 	jreq	00102$
      0001DD 7B 0B            [ 1]  396 	ld	a, (0x0b, sp)
      0001DF A1 03            [ 1]  397 	cp	a, #0x03
      0001E1 27 32            [ 1]  398 	jreq	00103$
      0001E3 7B 0B            [ 1]  399 	ld	a, (0x0b, sp)
      0001E5 A1 04            [ 1]  400 	cp	a, #0x04
      0001E7 27 41            [ 1]  401 	jreq	00104$
      0001E9 20 51            [ 2]  402 	jra	00107$
                                    403 ;	user/display.c: 81: case 1: {
      0001EB                        404 00101$:
                                    405 ;	user/display.c: 82: GPIO_WriteHigh(display.portScan, display.led[0]);
      0001EB AEr00r00         [ 2]  406 	ldw	x, #_display+0
      0001EE 1F 07            [ 2]  407 	ldw	(0x07, sp), x
      0001F0 16 07            [ 2]  408 	ldw	y, (0x07, sp)
      0001F2 90 E6 08         [ 1]  409 	ld	a, (0x8, y)
      0001F5 EE 02            [ 2]  410 	ldw	x, (0x2, x)
      0001F7 88               [ 1]  411 	push	a
      0001F8 89               [ 2]  412 	pushw	x
      0001F9 CDr00r00         [ 4]  413 	call	_GPIO_WriteHigh
      0001FC 5B 03            [ 2]  414 	addw	sp, #3
                                    415 ;	user/display.c: 83: break;
      0001FE 20 3C            [ 2]  416 	jra	00107$
                                    417 ;	user/display.c: 85: case 2:{
      000200                        418 00102$:
                                    419 ;	user/display.c: 86: GPIO_WriteHigh(display.portScan, display.led[1]);
      000200 AEr00r00         [ 2]  420 	ldw	x, #_display+0
      000203 1F 05            [ 2]  421 	ldw	(0x05, sp), x
      000205 16 05            [ 2]  422 	ldw	y, (0x05, sp)
      000207 90 E6 09         [ 1]  423 	ld	a, (0x9, y)
      00020A EE 02            [ 2]  424 	ldw	x, (0x2, x)
      00020C 88               [ 1]  425 	push	a
      00020D 89               [ 2]  426 	pushw	x
      00020E CDr00r00         [ 4]  427 	call	_GPIO_WriteHigh
      000211 5B 03            [ 2]  428 	addw	sp, #3
                                    429 ;	user/display.c: 87: break;
      000213 20 27            [ 2]  430 	jra	00107$
                                    431 ;	user/display.c: 89: case 3:{
      000215                        432 00103$:
                                    433 ;	user/display.c: 90: GPIO_WriteHigh(display.portScan, display.led[2]);
      000215 AEr00r00         [ 2]  434 	ldw	x, #_display+0
      000218 1F 03            [ 2]  435 	ldw	(0x03, sp), x
      00021A 16 03            [ 2]  436 	ldw	y, (0x03, sp)
      00021C 90 E6 0A         [ 1]  437 	ld	a, (0xa, y)
      00021F EE 02            [ 2]  438 	ldw	x, (0x2, x)
      000221 88               [ 1]  439 	push	a
      000222 89               [ 2]  440 	pushw	x
      000223 CDr00r00         [ 4]  441 	call	_GPIO_WriteHigh
      000226 5B 03            [ 2]  442 	addw	sp, #3
                                    443 ;	user/display.c: 91: break;
      000228 20 12            [ 2]  444 	jra	00107$
                                    445 ;	user/display.c: 93: case 4:{
      00022A                        446 00104$:
                                    447 ;	user/display.c: 94: GPIO_WriteHigh(display.portData, display.led[3]);
      00022A AEr00r00         [ 2]  448 	ldw	x, #_display+0
      00022D 1F 01            [ 2]  449 	ldw	(0x01, sp), x
      00022F 16 01            [ 2]  450 	ldw	y, (0x01, sp)
      000231 90 E6 0B         [ 1]  451 	ld	a, (0xb, y)
      000234 FE               [ 2]  452 	ldw	x, (x)
      000235 88               [ 1]  453 	push	a
      000236 89               [ 2]  454 	pushw	x
      000237 CDr00r00         [ 4]  455 	call	_GPIO_WriteHigh
      00023A 5B 03            [ 2]  456 	addw	sp, #3
                                    457 ;	user/display.c: 98: }
      00023C                        458 00107$:
      00023C 5B 08            [ 2]  459 	addw	sp, #8
      00023E 81               [ 4]  460 	ret
                                    461 ;	user/display.c: 101: void offLed(uint8_t led)
                                    462 ;	-----------------------------------------
                                    463 ;	 function offLed
                                    464 ;	-----------------------------------------
      00023F                        465 _offLed:
      00023F 52 08            [ 2]  466 	sub	sp, #8
                                    467 ;	user/display.c: 103: switch(led)
      000241 7B 0B            [ 1]  468 	ld	a, (0x0b, sp)
      000243 A1 01            [ 1]  469 	cp	a, #0x01
      000245 27 14            [ 1]  470 	jreq	00101$
      000247 7B 0B            [ 1]  471 	ld	a, (0x0b, sp)
      000249 A1 02            [ 1]  472 	cp	a, #0x02
      00024B 27 23            [ 1]  473 	jreq	00102$
      00024D 7B 0B            [ 1]  474 	ld	a, (0x0b, sp)
      00024F A1 03            [ 1]  475 	cp	a, #0x03
      000251 27 32            [ 1]  476 	jreq	00103$
      000253 7B 0B            [ 1]  477 	ld	a, (0x0b, sp)
      000255 A1 04            [ 1]  478 	cp	a, #0x04
      000257 27 41            [ 1]  479 	jreq	00104$
      000259 20 51            [ 2]  480 	jra	00107$
                                    481 ;	user/display.c: 105: case 1: {
      00025B                        482 00101$:
                                    483 ;	user/display.c: 106: GPIO_WriteLow(display.portScan, display.led[0]);
      00025B AEr00r00         [ 2]  484 	ldw	x, #_display+0
      00025E 1F 07            [ 2]  485 	ldw	(0x07, sp), x
      000260 16 07            [ 2]  486 	ldw	y, (0x07, sp)
      000262 90 E6 08         [ 1]  487 	ld	a, (0x8, y)
      000265 EE 02            [ 2]  488 	ldw	x, (0x2, x)
      000267 88               [ 1]  489 	push	a
      000268 89               [ 2]  490 	pushw	x
      000269 CDr00r00         [ 4]  491 	call	_GPIO_WriteLow
      00026C 5B 03            [ 2]  492 	addw	sp, #3
                                    493 ;	user/display.c: 107: break;
      00026E 20 3C            [ 2]  494 	jra	00107$
                                    495 ;	user/display.c: 109: case 2:{
      000270                        496 00102$:
                                    497 ;	user/display.c: 110: GPIO_WriteLow(display.portScan, display.led[1]);
      000270 AEr00r00         [ 2]  498 	ldw	x, #_display+0
      000273 1F 05            [ 2]  499 	ldw	(0x05, sp), x
      000275 16 05            [ 2]  500 	ldw	y, (0x05, sp)
      000277 90 E6 09         [ 1]  501 	ld	a, (0x9, y)
      00027A EE 02            [ 2]  502 	ldw	x, (0x2, x)
      00027C 88               [ 1]  503 	push	a
      00027D 89               [ 2]  504 	pushw	x
      00027E CDr00r00         [ 4]  505 	call	_GPIO_WriteLow
      000281 5B 03            [ 2]  506 	addw	sp, #3
                                    507 ;	user/display.c: 111: break;
      000283 20 27            [ 2]  508 	jra	00107$
                                    509 ;	user/display.c: 113: case 3:{
      000285                        510 00103$:
                                    511 ;	user/display.c: 114: GPIO_WriteLow(display.portScan, display.led[2]);
      000285 AEr00r00         [ 2]  512 	ldw	x, #_display+0
      000288 1F 03            [ 2]  513 	ldw	(0x03, sp), x
      00028A 16 03            [ 2]  514 	ldw	y, (0x03, sp)
      00028C 90 E6 0A         [ 1]  515 	ld	a, (0xa, y)
      00028F EE 02            [ 2]  516 	ldw	x, (0x2, x)
      000291 88               [ 1]  517 	push	a
      000292 89               [ 2]  518 	pushw	x
      000293 CDr00r00         [ 4]  519 	call	_GPIO_WriteLow
      000296 5B 03            [ 2]  520 	addw	sp, #3
                                    521 ;	user/display.c: 115: break;
      000298 20 12            [ 2]  522 	jra	00107$
                                    523 ;	user/display.c: 117: case 4:{
      00029A                        524 00104$:
                                    525 ;	user/display.c: 118: GPIO_WriteLow(display.portData, display.led[3]);
      00029A AEr00r00         [ 2]  526 	ldw	x, #_display+0
      00029D 1F 01            [ 2]  527 	ldw	(0x01, sp), x
      00029F 16 01            [ 2]  528 	ldw	y, (0x01, sp)
      0002A1 90 E6 0B         [ 1]  529 	ld	a, (0xb, y)
      0002A4 FE               [ 2]  530 	ldw	x, (x)
      0002A5 88               [ 1]  531 	push	a
      0002A6 89               [ 2]  532 	pushw	x
      0002A7 CDr00r00         [ 4]  533 	call	_GPIO_WriteLow
      0002AA 5B 03            [ 2]  534 	addw	sp, #3
                                    535 ;	user/display.c: 122: }
      0002AC                        536 00107$:
      0002AC 5B 08            [ 2]  537 	addw	sp, #8
      0002AE 81               [ 4]  538 	ret
                                    539 ;	user/display.c: 125: void screen(uint8_t intensy)
                                    540 ;	-----------------------------------------
                                    541 ;	 function screen
                                    542 ;	-----------------------------------------
      0002AF                        543 _screen:
      0002AF 52 03            [ 2]  544 	sub	sp, #3
                                    545 ;	user/display.c: 128: for(i = 0; i < 4; i++)
      0002B1 4F               [ 1]  546 	clr	a
      0002B2                        547 00102$:
                                    548 ;	user/display.c: 130: writeBuffer(i);
      0002B2 88               [ 1]  549 	push	a
      0002B3 88               [ 1]  550 	push	a
      0002B4 CDr01rB7         [ 4]  551 	call	_writeBuffer
      0002B7 84               [ 1]  552 	pop	a
      0002B8 84               [ 1]  553 	pop	a
                                    554 ;	user/display.c: 131: onLed(i+1);
      0002B9 4C               [ 1]  555 	inc	a
      0002BA 6B 01            [ 1]  556 	ld	(0x01, sp), a
      0002BC 7B 01            [ 1]  557 	ld	a, (0x01, sp)
      0002BE 88               [ 1]  558 	push	a
      0002BF CDr01rCF         [ 4]  559 	call	_onLed
      0002C2 84               [ 1]  560 	pop	a
                                    561 ;	user/display.c: 132: delay_us(intensy);
      0002C3 5F               [ 1]  562 	clrw	x
      0002C4 7B 06            [ 1]  563 	ld	a, (0x06, sp)
      0002C6 97               [ 1]  564 	ld	xl, a
      0002C7 89               [ 2]  565 	pushw	x
      0002C8 CDr00r00         [ 4]  566 	call	_delay_us
      0002CB 85               [ 2]  567 	popw	x
                                    568 ;	user/display.c: 133: offLed(i+1);
      0002CC 7B 01            [ 1]  569 	ld	a, (0x01, sp)
      0002CE 88               [ 1]  570 	push	a
      0002CF CDr02r3F         [ 4]  571 	call	_offLed
      0002D2 84               [ 1]  572 	pop	a
                                    573 ;	user/display.c: 134: delay_us(255-intensy);
      0002D3 7B 06            [ 1]  574 	ld	a, (0x06, sp)
      0002D5 6B 03            [ 1]  575 	ld	(0x03, sp), a
      0002D7 0F 02            [ 1]  576 	clr	(0x02, sp)
      0002D9 AE 00 FF         [ 2]  577 	ldw	x, #0x00ff
      0002DC 72 F0 02         [ 2]  578 	subw	x, (0x02, sp)
      0002DF 89               [ 2]  579 	pushw	x
      0002E0 CDr00r00         [ 4]  580 	call	_delay_us
      0002E3 85               [ 2]  581 	popw	x
                                    582 ;	user/display.c: 128: for(i = 0; i < 4; i++)
      0002E4 7B 01            [ 1]  583 	ld	a, (0x01, sp)
      0002E6 A1 04            [ 1]  584 	cp	a, #0x04
      0002E8 25 C8            [ 1]  585 	jrc	00102$
      0002EA 5B 03            [ 2]  586 	addw	sp, #3
      0002EC 81               [ 4]  587 	ret
                                    588 ;	user/display.c: 138: void setDigit(uint8_t led, uint8_t bcd)
                                    589 ;	-----------------------------------------
                                    590 ;	 function setDigit
                                    591 ;	-----------------------------------------
      0002ED                        592 _setDigit:
      0002ED 89               [ 2]  593 	pushw	x
                                    594 ;	user/display.c: 140: display.buffer[led-1] = code7Seg[bcd];
      0002EE AEr00r0C         [ 2]  595 	ldw	x, #_display+12
      0002F1 1F 01            [ 2]  596 	ldw	(0x01, sp), x
      0002F3 7B 05            [ 1]  597 	ld	a, (0x05, sp)
      0002F5 4A               [ 1]  598 	dec	a
      0002F6 90 5F            [ 1]  599 	clrw	y
      0002F8 90 97            [ 1]  600 	ld	yl, a
      0002FA 72 F9 01         [ 2]  601 	addw	y, (0x01, sp)
      0002FD AEr04r20         [ 2]  602 	ldw	x, #_code7Seg+0
      000300 9F               [ 1]  603 	ld	a, xl
      000301 1B 06            [ 1]  604 	add	a, (0x06, sp)
      000303 02               [ 1]  605 	rlwa	x
      000304 A9 00            [ 1]  606 	adc	a, #0x00
      000306 95               [ 1]  607 	ld	xh, a
      000307 F6               [ 1]  608 	ld	a, (x)
      000308 90 F7            [ 1]  609 	ld	(y), a
      00030A 85               [ 2]  610 	popw	x
      00030B 81               [ 4]  611 	ret
                                    612 ;	user/display.c: 143: void display_test(uint8_t intensy)
                                    613 ;	-----------------------------------------
                                    614 ;	 function display_test
                                    615 ;	-----------------------------------------
      00030C                        616 _display_test:
      00030C 52 13            [ 2]  617 	sub	sp, #19
                                    618 ;	user/display.c: 146: for(i = 0; i < 20; i++)
      00030E AEr00r00         [ 2]  619 	ldw	x, #_display+0
      000311 1F 02            [ 2]  620 	ldw	(0x02, sp), x
      000313 1E 02            [ 2]  621 	ldw	x, (0x02, sp)
      000315 1C 00 08         [ 2]  622 	addw	x, #0x0008
      000318 1F 12            [ 2]  623 	ldw	(0x12, sp), x
      00031A 1E 02            [ 2]  624 	ldw	x, (0x02, sp)
      00031C 5C               [ 2]  625 	incw	x
      00031D 5C               [ 2]  626 	incw	x
      00031E 1F 10            [ 2]  627 	ldw	(0x10, sp), x
      000320 1E 02            [ 2]  628 	ldw	x, (0x02, sp)
      000322 1C 00 09         [ 2]  629 	addw	x, #0x0009
      000325 1F 0E            [ 2]  630 	ldw	(0x0e, sp), x
      000327 1E 02            [ 2]  631 	ldw	x, (0x02, sp)
      000329 1C 00 0A         [ 2]  632 	addw	x, #0x000a
      00032C 1F 0C            [ 2]  633 	ldw	(0x0c, sp), x
      00032E 1E 02            [ 2]  634 	ldw	x, (0x02, sp)
      000330 1C 00 0B         [ 2]  635 	addw	x, #0x000b
      000333 1F 0A            [ 2]  636 	ldw	(0x0a, sp), x
      000335 0F 01            [ 1]  637 	clr	(0x01, sp)
      000337                        638 00102$:
                                    639 ;	user/display.c: 148: shiftOut595(0x3F);
      000337 4B 3F            [ 1]  640 	push	#0x3f
      000339 CDr00rFA         [ 4]  641 	call	_shiftOut595
      00033C 84               [ 1]  642 	pop	a
                                    643 ;	user/display.c: 149: latch595();
      00033D CDr01r59         [ 4]  644 	call	_latch595
                                    645 ;	user/display.c: 150: GPIO_WriteHigh(display.portScan, display.led[0]);
      000340 1E 12            [ 2]  646 	ldw	x, (0x12, sp)
      000342 F6               [ 1]  647 	ld	a, (x)
      000343 1E 10            [ 2]  648 	ldw	x, (0x10, sp)
      000345 FE               [ 2]  649 	ldw	x, (x)
      000346 88               [ 1]  650 	push	a
      000347 89               [ 2]  651 	pushw	x
      000348 CDr00r00         [ 4]  652 	call	_GPIO_WriteHigh
      00034B 5B 03            [ 2]  653 	addw	sp, #3
                                    654 ;	user/display.c: 151: delay_us(intensy);
      00034D 7B 16            [ 1]  655 	ld	a, (0x16, sp)
      00034F 6B 09            [ 1]  656 	ld	(0x09, sp), a
      000351 0F 08            [ 1]  657 	clr	(0x08, sp)
      000353 1E 08            [ 2]  658 	ldw	x, (0x08, sp)
      000355 89               [ 2]  659 	pushw	x
      000356 CDr00r00         [ 4]  660 	call	_delay_us
      000359 85               [ 2]  661 	popw	x
                                    662 ;	user/display.c: 152: GPIO_WriteLow(display.portScan, display.led[0]);
      00035A 1E 12            [ 2]  663 	ldw	x, (0x12, sp)
      00035C F6               [ 1]  664 	ld	a, (x)
      00035D 1E 10            [ 2]  665 	ldw	x, (0x10, sp)
      00035F FE               [ 2]  666 	ldw	x, (x)
      000360 88               [ 1]  667 	push	a
      000361 89               [ 2]  668 	pushw	x
      000362 CDr00r00         [ 4]  669 	call	_GPIO_WriteLow
      000365 5B 03            [ 2]  670 	addw	sp, #3
                                    671 ;	user/display.c: 153: delay_us(255-intensy);
      000367 7B 16            [ 1]  672 	ld	a, (0x16, sp)
      000369 6B 07            [ 1]  673 	ld	(0x07, sp), a
      00036B 0F 06            [ 1]  674 	clr	(0x06, sp)
      00036D A6 FF            [ 1]  675 	ld	a, #0xff
      00036F 10 07            [ 1]  676 	sub	a, (0x07, sp)
      000371 6B 05            [ 1]  677 	ld	(0x05, sp), a
      000373 4F               [ 1]  678 	clr	a
      000374 12 06            [ 1]  679 	sbc	a, (0x06, sp)
      000376 6B 04            [ 1]  680 	ld	(0x04, sp), a
      000378 1E 04            [ 2]  681 	ldw	x, (0x04, sp)
      00037A 89               [ 2]  682 	pushw	x
      00037B CDr00r00         [ 4]  683 	call	_delay_us
      00037E 85               [ 2]  684 	popw	x
                                    685 ;	user/display.c: 154: shiftOut595(0x06);
      00037F 4B 06            [ 1]  686 	push	#0x06
      000381 CDr00rFA         [ 4]  687 	call	_shiftOut595
      000384 84               [ 1]  688 	pop	a
                                    689 ;	user/display.c: 155: latch595();
      000385 CDr01r59         [ 4]  690 	call	_latch595
                                    691 ;	user/display.c: 156: GPIO_WriteHigh(display.portScan, display.led[1]);
      000388 1E 0E            [ 2]  692 	ldw	x, (0x0e, sp)
      00038A F6               [ 1]  693 	ld	a, (x)
      00038B 1E 10            [ 2]  694 	ldw	x, (0x10, sp)
      00038D FE               [ 2]  695 	ldw	x, (x)
      00038E 88               [ 1]  696 	push	a
      00038F 89               [ 2]  697 	pushw	x
      000390 CDr00r00         [ 4]  698 	call	_GPIO_WriteHigh
      000393 5B 03            [ 2]  699 	addw	sp, #3
                                    700 ;	user/display.c: 157: delay_us(intensy);
      000395 1E 08            [ 2]  701 	ldw	x, (0x08, sp)
      000397 89               [ 2]  702 	pushw	x
      000398 CDr00r00         [ 4]  703 	call	_delay_us
      00039B 85               [ 2]  704 	popw	x
                                    705 ;	user/display.c: 158: GPIO_WriteLow(display.portScan, display.led[1]);
      00039C 1E 0E            [ 2]  706 	ldw	x, (0x0e, sp)
      00039E F6               [ 1]  707 	ld	a, (x)
      00039F 1E 10            [ 2]  708 	ldw	x, (0x10, sp)
      0003A1 FE               [ 2]  709 	ldw	x, (x)
      0003A2 88               [ 1]  710 	push	a
      0003A3 89               [ 2]  711 	pushw	x
      0003A4 CDr00r00         [ 4]  712 	call	_GPIO_WriteLow
      0003A7 5B 03            [ 2]  713 	addw	sp, #3
                                    714 ;	user/display.c: 159: delay_us(255-intensy);
      0003A9 1E 04            [ 2]  715 	ldw	x, (0x04, sp)
      0003AB 89               [ 2]  716 	pushw	x
      0003AC CDr00r00         [ 4]  717 	call	_delay_us
      0003AF 85               [ 2]  718 	popw	x
                                    719 ;	user/display.c: 160: shiftOut595(0x5B);
      0003B0 4B 5B            [ 1]  720 	push	#0x5b
      0003B2 CDr00rFA         [ 4]  721 	call	_shiftOut595
      0003B5 84               [ 1]  722 	pop	a
                                    723 ;	user/display.c: 161: latch595();
      0003B6 CDr01r59         [ 4]  724 	call	_latch595
                                    725 ;	user/display.c: 162: GPIO_WriteHigh(display.portScan, display.led[2]);
      0003B9 1E 0C            [ 2]  726 	ldw	x, (0x0c, sp)
      0003BB F6               [ 1]  727 	ld	a, (x)
      0003BC 1E 10            [ 2]  728 	ldw	x, (0x10, sp)
      0003BE FE               [ 2]  729 	ldw	x, (x)
      0003BF 88               [ 1]  730 	push	a
      0003C0 89               [ 2]  731 	pushw	x
      0003C1 CDr00r00         [ 4]  732 	call	_GPIO_WriteHigh
      0003C4 5B 03            [ 2]  733 	addw	sp, #3
                                    734 ;	user/display.c: 163: delay_us(intensy);
      0003C6 1E 08            [ 2]  735 	ldw	x, (0x08, sp)
      0003C8 89               [ 2]  736 	pushw	x
      0003C9 CDr00r00         [ 4]  737 	call	_delay_us
      0003CC 85               [ 2]  738 	popw	x
                                    739 ;	user/display.c: 164: GPIO_WriteLow(display.portScan, display.led[2]);
      0003CD 1E 0C            [ 2]  740 	ldw	x, (0x0c, sp)
      0003CF F6               [ 1]  741 	ld	a, (x)
      0003D0 1E 10            [ 2]  742 	ldw	x, (0x10, sp)
      0003D2 FE               [ 2]  743 	ldw	x, (x)
      0003D3 88               [ 1]  744 	push	a
      0003D4 89               [ 2]  745 	pushw	x
      0003D5 CDr00r00         [ 4]  746 	call	_GPIO_WriteLow
      0003D8 5B 03            [ 2]  747 	addw	sp, #3
                                    748 ;	user/display.c: 165: delay_us(255-intensy);
      0003DA 1E 04            [ 2]  749 	ldw	x, (0x04, sp)
      0003DC 89               [ 2]  750 	pushw	x
      0003DD CDr00r00         [ 4]  751 	call	_delay_us
      0003E0 85               [ 2]  752 	popw	x
                                    753 ;	user/display.c: 166: shiftOut595(0x4F);
      0003E1 4B 4F            [ 1]  754 	push	#0x4f
      0003E3 CDr00rFA         [ 4]  755 	call	_shiftOut595
      0003E6 84               [ 1]  756 	pop	a
                                    757 ;	user/display.c: 167: latch595();
      0003E7 CDr01r59         [ 4]  758 	call	_latch595
                                    759 ;	user/display.c: 168: GPIO_WriteHigh(display.portData, display.led[3]);
      0003EA 1E 0A            [ 2]  760 	ldw	x, (0x0a, sp)
      0003EC F6               [ 1]  761 	ld	a, (x)
      0003ED 1E 02            [ 2]  762 	ldw	x, (0x02, sp)
      0003EF FE               [ 2]  763 	ldw	x, (x)
      0003F0 88               [ 1]  764 	push	a
      0003F1 89               [ 2]  765 	pushw	x
      0003F2 CDr00r00         [ 4]  766 	call	_GPIO_WriteHigh
      0003F5 5B 03            [ 2]  767 	addw	sp, #3
                                    768 ;	user/display.c: 169: delay_us(intensy);
      0003F7 1E 08            [ 2]  769 	ldw	x, (0x08, sp)
      0003F9 89               [ 2]  770 	pushw	x
      0003FA CDr00r00         [ 4]  771 	call	_delay_us
      0003FD 85               [ 2]  772 	popw	x
                                    773 ;	user/display.c: 170: GPIO_WriteLow(display.portData, display.led[3]);
      0003FE 1E 0A            [ 2]  774 	ldw	x, (0x0a, sp)
      000400 F6               [ 1]  775 	ld	a, (x)
      000401 1E 02            [ 2]  776 	ldw	x, (0x02, sp)
      000403 FE               [ 2]  777 	ldw	x, (x)
      000404 88               [ 1]  778 	push	a
      000405 89               [ 2]  779 	pushw	x
      000406 CDr00r00         [ 4]  780 	call	_GPIO_WriteLow
      000409 5B 03            [ 2]  781 	addw	sp, #3
                                    782 ;	user/display.c: 171: delay_us(255-intensy);
      00040B 1E 04            [ 2]  783 	ldw	x, (0x04, sp)
      00040D 89               [ 2]  784 	pushw	x
      00040E CDr00r00         [ 4]  785 	call	_delay_us
      000411 85               [ 2]  786 	popw	x
                                    787 ;	user/display.c: 146: for(i = 0; i < 20; i++)
      000412 0C 01            [ 1]  788 	inc	(0x01, sp)
      000414 7B 01            [ 1]  789 	ld	a, (0x01, sp)
      000416 A1 14            [ 1]  790 	cp	a, #0x14
      000418 24 03            [ 1]  791 	jrnc	00111$
      00041A CCr03r37         [ 2]  792 	jp	00102$
      00041D                        793 00111$:
      00041D 5B 13            [ 2]  794 	addw	sp, #19
      00041F 81               [ 4]  795 	ret
                                    796 	.area CODE
      000420                        797 _code7Seg:
      000420 3F                     798 	.db #0x3f	; 63
      000421 06                     799 	.db #0x06	; 6
      000422 5B                     800 	.db #0x5b	; 91
      000423 4F                     801 	.db #0x4f	; 79	'O'
      000424 66                     802 	.db #0x66	; 102	'f'
      000425 6D                     803 	.db #0x6d	; 109	'm'
      000426 7D                     804 	.db #0x7d	; 125
      000427 07                     805 	.db #0x07	; 7
      000428 7F                     806 	.db #0x7f	; 127
      000429 6F                     807 	.db #0x6f	; 111	'o'
                                    808 	.area INITIALIZER
                                    809 	.area CABS (ABS)
